<?xml version="1.0" encoding="UTF-8"?>
<!-- Generated by org.testng.reporters.JUnitReportReporter -->
<testsuite hostname="Smyasnikov" name="com.example.tests.AlsoGroupCreationTests" tests="2" failures="0" timestamp="19 Dec 2013 17:51:00 GMT" time="2.127" errors="0">
  <testcase name="testEmptyGroupCreation" time="1.134" classname="com.example.tests.AlsoGroupCreationTests"/>
  <testcase name="testNonEmptyGroupCreation" time="0.993" classname="com.example.tests.AlsoGroupCreationTests"/>
</testsuite> <!-- com.example.tests.AlsoGroupCreationTests -->
