<?xml version="1.0" encoding="UTF-8"?>
<!-- Generated by org.testng.reporters.JUnitReportReporter -->
<testsuite hostname="Smyasnikov" name="com.example.tests.GroupCreationTests" tests="2" failures="0" timestamp="17 Dec 2013 21:11:26 GMT" time="2.765" errors="0">
  <testcase name="testEmptyGroupCreation" time="1.587" classname="com.example.tests.GroupCreationTests"/>
  <testcase name="testNonEmptyGroupCreation" time="1.178" classname="com.example.tests.GroupCreationTests"/>
</testsuite> <!-- com.example.tests.GroupCreationTests -->
