<?xml version="1.0" encoding="UTF-8"?>
<!-- Generated by org.testng.reporters.JUnitReportReporter -->
<testsuite hostname="Smyasnikov" name="com.example.tests.AlsoGroupCreationTests" tests="2" failures="0" timestamp="20 Dec 2013 16:42:54 GMT" time="2.164" errors="0">
  <testcase name="testEmptyGroupCreation" time="1.108" classname="com.example.tests.AlsoGroupCreationTests"/>
  <testcase name="testNonEmptyGroupCreation" time="1.056" classname="com.example.tests.AlsoGroupCreationTests"/>
</testsuite> <!-- com.example.tests.AlsoGroupCreationTests -->
