<?xml version="1.0" encoding="UTF-8"?>
<!-- Generated by org.testng.reporters.JUnitReportReporter -->
<testsuite hostname="Smyasnikov" name="com.example.tests.GroupCreationTests" tests="2" failures="0" timestamp="19 Dec 2013 17:51:00 GMT" time="2.270" errors="0">
  <testcase name="testNonEmptyGroupCreation" time="1.153" classname="com.example.tests.GroupCreationTests"/>
  <testcase name="testEmptyGroupCreation" time="1.117" classname="com.example.tests.GroupCreationTests"/>
</testsuite> <!-- com.example.tests.GroupCreationTests -->
