<?xml version="1.0" encoding="UTF-8"?>
<!-- Generated by org.testng.reporters.JUnitReportReporter -->
<testsuite hostname="Smyasnikov" name="com.example.tests.AlsoGroupCreationTests" tests="2" failures="0" timestamp="17 Dec 2013 21:11:26 GMT" time="2.003" errors="0">
  <testcase name="testNonEmptyGroupCreation" time="1.042" classname="com.example.tests.AlsoGroupCreationTests"/>
  <testcase name="testEmptyGroupCreation" time="0.961" classname="com.example.tests.AlsoGroupCreationTests"/>
</testsuite> <!-- com.example.tests.AlsoGroupCreationTests -->
