<?xml version="1.0" encoding="UTF-8"?>
<!-- Generated by org.testng.reporters.JUnitReportReporter -->
<testsuite hostname="Smyasnikov" name="com.example.tests.ContactCreationTest" tests="1" failures="0" timestamp="19 Dec 2013 17:51:00 GMT" time="2.194" errors="0">
  <testcase name="testContactCreation" time="2.194" classname="com.example.tests.ContactCreationTest"/>
</testsuite> <!-- com.example.tests.ContactCreationTest -->
