<?xml version="1.0" encoding="UTF-8"?>
<!-- Generated by org.testng.reporters.JUnitReportReporter -->
<testsuite hostname="Smyasnikov" name="com.example.tests.TestContactCreation" tests="1" failures="0" timestamp="11 Feb 2014 17:39:15 GMT" time="6.053" errors="0">
  <testcase name="shouldCreateContactWithValidData" time="6.053" classname="com.example.tests.TestContactCreation"/>
</testsuite> <!-- com.example.tests.TestContactCreation -->
